build/app/intermediates/manifest_merge_blame_file/release/manifest-merger-blame-release-report.txt
1<?xml version="1.0" encoding="utf-8"?>
2<manifest xmlns:android="http://schemas.android.com/apk/res/android"
3    package="com.hawa4k.captain"
4    android:versionCode="1"
5    android:versionName="1.0.0" >
6
7    <uses-sdk
8        android:minSdkVersion="19"
8-->src/main/AndroidManifest.xml
9        android:targetSdkVersion="29" />
9-->src/main/AndroidManifest.xml
10
11    <uses-permission android:name="android.permission.INTERNET" />
11-->src/main/AndroidManifest.xml:4:5-66
11-->src/main/AndroidManifest.xml:4:22-64
12
13    <!--
14         The ACCESS_COARSE/FINE_LOCATION permissions are not required to use
15         Google Maps Android API v2, but you must specify either coarse or fine
16         location permissions for the "MyLocation" functionality.
17    -->
18    <uses-permission android:name="android.permission.ACCESS_FINE_LOCATION" />
18-->src/main/AndroidManifest.xml:11:5-79
18-->src/main/AndroidManifest.xml:11:22-76
19
20    <!-- Include required permissions for Google Maps API to run. -->
21    <uses-permission android:name="android.permission.ACCESS_NETWORK_STATE" />
21-->[com.google.android.gms:play-services-maps:17.0.0] AndroidManifest.xml:23:5-79
21-->[com.google.android.gms:play-services-maps:17.0.0] AndroidManifest.xml:23:22-76
22
23    <uses-feature
23-->[com.google.android.gms:play-services-maps:17.0.0] AndroidManifest.xml:26:5-28:35
24        android:glEsVersion="0x00020000"
24-->[com.google.android.gms:play-services-maps:17.0.0] AndroidManifest.xml:27:9-41
25        android:required="true" />
25-->[com.google.android.gms:play-services-maps:17.0.0] AndroidManifest.xml:28:9-32
26
27    <uses-permission android:name="android.permission.WAKE_LOCK" />
27-->[android.arch.work:work-runtime:1.0.1] AndroidManifest.xml:23:5-68
27-->[android.arch.work:work-runtime:1.0.1] AndroidManifest.xml:23:22-65
28    <uses-permission android:name="android.permission.RECEIVE_BOOT_COMPLETED" />
28-->[android.arch.work:work-runtime:1.0.1] AndroidManifest.xml:25:5-81
28-->[android.arch.work:work-runtime:1.0.1] AndroidManifest.xml:25:22-78
29    <uses-permission android:name="android.permission.READ_EXTERNAL_STORAGE" />
29-->[:image_picker] AndroidManifest.xml:7:5-80
29-->[:image_picker] AndroidManifest.xml:7:22-77
30    <uses-permission android:name="android.permission.WRITE_EXTERNAL_STORAGE" /> <!-- Required by older versions of Google Play services to create IID tokens -->
30-->[:image_picker] AndroidManifest.xml:8:5-81
30-->[:image_picker] AndroidManifest.xml:8:22-78
31    <uses-permission android:name="com.google.android.c2dm.permission.RECEIVE" />
31-->[com.google.firebase:firebase-iid:21.0.1] AndroidManifest.xml:26:5-82
31-->[com.google.firebase:firebase-iid:21.0.1] AndroidManifest.xml:26:22-79
32    <uses-permission android:name="com.google.android.finsky.permission.BIND_GET_INSTALL_REFERRER_SERVICE" /> <!-- Permission will be merged into the manifest of the hosting app. -->
32-->[com.google.android.gms:play-services-measurement:18.0.2] AndroidManifest.xml:26:5-110
32-->[com.google.android.gms:play-services-measurement:18.0.2] AndroidManifest.xml:26:22-107
33    <!-- Is required to launch foreground extraction service for targetSdkVersion 28+. -->
34    <uses-permission android:name="android.permission.FOREGROUND_SERVICE" />
34-->[com.google.android.play:core:1.8.2] AndroidManifest.xml:8:3-74
34-->[com.google.android.play:core:1.8.2] AndroidManifest.xml:8:20-72
35
36    <application
36-->src/main/AndroidManifest.xml:13:5-87:19
37        android:name="io.flutter.app.FlutterApplication"
37-->src/main/AndroidManifest.xml:14:9-57
38        android:appComponentFactory="androidx.core.app.CoreComponentFactory"
38-->[androidx.core:core:1.3.2] AndroidManifest.xml:24:18-86
39        android:icon="@mipmap/ic_launcher"
39-->src/main/AndroidManifest.xml:15:9-43
40        android:label="captain"
40-->src/main/AndroidManifest.xml:16:9-32
41        android:requestLegacyExternalStorage="true" >
41-->src/main/AndroidManifest.xml:17:9-52
42
43        <!--
44             The API key for Google Maps-based APIs is defined as a string resource.
45             (See the file "res/values/google_maps_api.xml").
46             Note that the API key is linked to the encryption key used to sign the APK.
47             You need a different API key for each encryption key, including the release key that is used to
48             sign the APK for publishing.
49             You can define the keys for the debug and release targets in src/debug/ and src/release/.
50        -->
51        <meta-data
51-->src/main/AndroidManifest.xml:27:9-29:55
52            android:name="com.google.android.geo.API_KEY"
52-->src/main/AndroidManifest.xml:28:13-58
53            android:value="@string/google_maps_key" />
53-->src/main/AndroidManifest.xml:29:13-52
54
55        <activity
55-->src/main/AndroidManifest.xml:31:9-33:68
56            android:name="com.hawa4k.captain.MapsActivity"
56-->src/main/AndroidManifest.xml:32:13-41
57            android:label="@string/title_activity_maps" />
57-->src/main/AndroidManifest.xml:33:13-56
58
59        <provider
60            android:name="androidx.core.content.FileProvider"
60-->src/main/AndroidManifest.xml:36:13-62
61            android:authorities="com.hawa4k.captain.provider"
61-->src/main/AndroidManifest.xml:37:13-60
62            android:exported="false"
62-->src/main/AndroidManifest.xml:38:13-37
63            android:grantUriPermissions="true" >
63-->src/main/AndroidManifest.xml:39:13-47
64            <meta-data
64-->src/main/AndroidManifest.xml:40:13-42:58
65                android:name="android.support.FILE_PROVIDER_PATHS"
65-->src/main/AndroidManifest.xml:41:17-67
66                android:resource="@xml/provider_paths" />
66-->src/main/AndroidManifest.xml:42:17-55
67        </provider>
68
69        <activity
69-->src/main/AndroidManifest.xml:45:9-79:20
70            android:name="com.hawa4k.captain.MainActivity"
70-->src/main/AndroidManifest.xml:46:13-41
71            android:configChanges="orientation|keyboardHidden|keyboard|screenSize|smallestScreenSize|locale|layoutDirection|fontScale|screenLayout|density|uiMode"
71-->src/main/AndroidManifest.xml:47:13-163
72            android:hardwareAccelerated="true"
72-->src/main/AndroidManifest.xml:48:13-47
73            android:launchMode="singleTop"
73-->src/main/AndroidManifest.xml:49:13-43
74            android:screenOrientation="sensorPortrait"
74-->src/main/AndroidManifest.xml:51:13-55
75            android:theme="@style/LaunchTheme"
75-->src/main/AndroidManifest.xml:50:13-47
76            android:windowSoftInputMode="adjustResize" >
76-->src/main/AndroidManifest.xml:52:13-55
77
78            <!--
79                 Specifies an Android theme to apply to this Activity as soon as
80                 the Android process has started. This theme is visible to the user
81                 while the Flutter UI initializes. After that, this theme continues
82                 to determine the Window background behind the Flutter UI.
83            -->
84            <meta-data
84-->src/main/AndroidManifest.xml:60:13-62:57
85                android:name="io.flutter.embedding.android.NormalTheme"
85-->src/main/AndroidManifest.xml:61:17-72
86                android:resource="@style/NormalTheme" />
86-->src/main/AndroidManifest.xml:62:17-54
87            <!--
88                 Displays an Android View that continues showing the launch screen
89                 Drawable until Flutter paints its first frame, then this splash
90                 screen fades out. A splash screen is useful to avoid any visual
91                 gap between the end of Android's launch screen and the painting of
92                 Flutter's first frame.
93            -->
94            <meta-data
94-->src/main/AndroidManifest.xml:70:13-72:66
95                android:name="io.flutter.embedding.android.SplashScreenDrawable"
95-->src/main/AndroidManifest.xml:71:17-81
96                android:resource="@drawable/launch_background" />
96-->src/main/AndroidManifest.xml:72:17-63
97
98            <intent-filter>
98-->src/main/AndroidManifest.xml:74:13-78:29
99                <action android:name="android.intent.action.MAIN" />
99-->src/main/AndroidManifest.xml:75:17-69
99-->src/main/AndroidManifest.xml:75:25-66
100
101                <category android:name="android.intent.category.LAUNCHER" />
101-->src/main/AndroidManifest.xml:77:17-77
101-->src/main/AndroidManifest.xml:77:27-74
102            </intent-filter>
103        </activity>
104        <!--
105 Don't delete the meta-data below.
106             This is used by the Flutter tool to generate GeneratedPluginRegistrant.java
107        -->
108        <meta-data
108-->src/main/AndroidManifest.xml:84:9-86:33
109            android:name="flutterEmbedding"
109-->src/main/AndroidManifest.xml:85:13-44
110            android:value="2" />
110-->src/main/AndroidManifest.xml:86:13-30
111        <!-- Needs to be explicitly declared on P+ -->
112        <uses-library
112-->[com.google.android.gms:play-services-maps:17.0.0] AndroidManifest.xml:33:9-35:40
113            android:name="org.apache.http.legacy"
113-->[com.google.android.gms:play-services-maps:17.0.0] AndroidManifest.xml:34:13-50
114            android:required="false" />
114-->[com.google.android.gms:play-services-maps:17.0.0] AndroidManifest.xml:35:13-37
115
116        <activity
116-->[:flutter_inappwebview] AndroidManifest.xml:8:9-11:47
117            android:name="com.pichillilorenzo.flutter_inappwebview.InAppBrowser.InAppBrowserActivity"
117-->[:flutter_inappwebview] AndroidManifest.xml:9:13-102
118            android:configChanges="orientation|screenSize"
118-->[:flutter_inappwebview] AndroidManifest.xml:10:13-59
119            android:theme="@style/AppTheme" />
119-->[:flutter_inappwebview] AndroidManifest.xml:11:13-44
120        <activity
120-->[:flutter_inappwebview] AndroidManifest.xml:12:9-15:55
121            android:name="com.pichillilorenzo.flutter_inappwebview.ChromeCustomTabs.ChromeCustomTabsActivity"
121-->[:flutter_inappwebview] AndroidManifest.xml:13:13-110
122            android:configChanges="orientation|screenSize"
122-->[:flutter_inappwebview] AndroidManifest.xml:14:13-59
123            android:theme="@style/ThemeTransparent" />
123-->[:flutter_inappwebview] AndroidManifest.xml:15:13-52
124
125        <receiver android:name="com.pichillilorenzo.flutter_inappwebview.ChromeCustomTabs.ActionBroadcastReceiver" />
125-->[:flutter_inappwebview] AndroidManifest.xml:17:9-118
125-->[:flutter_inappwebview] AndroidManifest.xml:17:19-115
126
127        <service android:name="io.flutter.plugins.firebasemessaging.FlutterFirebaseMessagingService" >
127-->[:firebase_messaging] AndroidManifest.xml:8:9-12:19
127-->[:firebase_messaging] AndroidManifest.xml:8:18-101
128            <intent-filter>
128-->[:firebase_messaging] AndroidManifest.xml:9:13-11:29
129                <action android:name="com.google.firebase.MESSAGING_EVENT" />
129-->[:firebase_messaging] AndroidManifest.xml:10:17-78
129-->[:firebase_messaging] AndroidManifest.xml:10:25-75
130            </intent-filter>
131        </service>
132        <service
132-->[:firebase_messaging] AndroidManifest.xml:13:9-17:19
133            android:name="com.google.firebase.components.ComponentDiscoveryService"
133-->[:firebase_messaging] AndroidManifest.xml:13:18-89
134            android:directBootAware="true"
134-->[com.google.firebase:firebase-common:19.5.0] AndroidManifest.xml:35:13-43
135            android:exported="false" >
135-->[com.google.firebase:firebase-messaging:21.0.1] AndroidManifest.xml:38:13-37
136            <meta-data
136-->[:firebase_messaging] AndroidManifest.xml:14:13-16:85
137                android:name="com.google.firebase.components:io.flutter.plugins.firebasemessaging.FlutterFirebaseAppRegistrar"
137-->[:firebase_messaging] AndroidManifest.xml:15:17-127
138                android:value="com.google.firebase.components.ComponentRegistrar" />
138-->[:firebase_messaging] AndroidManifest.xml:16:17-82
139            <meta-data
139-->[:firebase_database] AndroidManifest.xml:9:13-11:85
140                android:name="com.google.firebase.components:io.flutter.plugins.firebase.database.FlutterFirebaseAppRegistrar"
140-->[:firebase_database] AndroidManifest.xml:10:17-127
141                android:value="com.google.firebase.components.ComponentRegistrar" />
141-->[:firebase_database] AndroidManifest.xml:11:17-82
142            <meta-data
142-->[:firebase_core] AndroidManifest.xml:9:13-11:85
143                android:name="com.google.firebase.components:io.flutter.plugins.firebase.core.FlutterFirebaseCoreRegistrar"
143-->[:firebase_core] AndroidManifest.xml:10:17-124
144                android:value="com.google.firebase.components.ComponentRegistrar" />
144-->[:firebase_core] AndroidManifest.xml:11:17-82
145            <meta-data
145-->[com.google.firebase:firebase-messaging:21.0.1] AndroidManifest.xml:39:13-41:85
146                android:name="com.google.firebase.components:com.google.firebase.messaging.FirebaseMessagingRegistrar"
146-->[com.google.firebase:firebase-messaging:21.0.1] AndroidManifest.xml:40:17-119
147                android:value="com.google.firebase.components.ComponentRegistrar" />
147-->[com.google.firebase:firebase-messaging:21.0.1] AndroidManifest.xml:41:17-82
148            <meta-data
148-->[com.google.firebase:firebase-database:19.6.0] AndroidManifest.xml:32:13-34:85
149                android:name="com.google.firebase.components:com.google.firebase.database.DatabaseRegistrar"
149-->[com.google.firebase:firebase-database:19.6.0] AndroidManifest.xml:33:17-109
150                android:value="com.google.firebase.components.ComponentRegistrar" />
150-->[com.google.firebase:firebase-database:19.6.0] AndroidManifest.xml:34:17-82
151            <meta-data
151-->[com.google.firebase:firebase-iid:21.0.1] AndroidManifest.xml:32:13-34:85
152                android:name="com.google.firebase.components:com.google.firebase.iid.Registrar"
152-->[com.google.firebase:firebase-iid:21.0.1] AndroidManifest.xml:33:17-96
153                android:value="com.google.firebase.components.ComponentRegistrar" />
153-->[com.google.firebase:firebase-iid:21.0.1] AndroidManifest.xml:34:17-82
154            <meta-data
154-->[com.google.android.gms:play-services-measurement-api:18.0.2] AndroidManifest.xml:30:13-32:85
155                android:name="com.google.firebase.components:com.google.firebase.analytics.connector.internal.AnalyticsConnectorRegistrar"
155-->[com.google.android.gms:play-services-measurement-api:18.0.2] AndroidManifest.xml:31:17-139
156                android:value="com.google.firebase.components.ComponentRegistrar" />
156-->[com.google.android.gms:play-services-measurement-api:18.0.2] AndroidManifest.xml:32:17-82
157            <meta-data
157-->[com.google.firebase:firebase-installations:16.3.5] AndroidManifest.xml:18:13-20:85
158                android:name="com.google.firebase.components:com.google.firebase.installations.FirebaseInstallationsRegistrar"
158-->[com.google.firebase:firebase-installations:16.3.5] AndroidManifest.xml:19:17-127
159                android:value="com.google.firebase.components.ComponentRegistrar" />
159-->[com.google.firebase:firebase-installations:16.3.5] AndroidManifest.xml:20:17-82
160            <meta-data
160-->[com.google.firebase:firebase-datatransport:17.0.10] AndroidManifest.xml:28:13-30:85
161                android:name="com.google.firebase.components:com.google.firebase.datatransport.TransportRegistrar"
161-->[com.google.firebase:firebase-datatransport:17.0.10] AndroidManifest.xml:29:17-115
162                android:value="com.google.firebase.components.ComponentRegistrar" />
162-->[com.google.firebase:firebase-datatransport:17.0.10] AndroidManifest.xml:30:17-82
163            <!--
164                This registrar is not defined in the dynamic-module-support sdk itself to allow non-firebase
165                clients to use it as well, by defining this registrar in their own core/common library.
166            -->
167            <meta-data
167-->[com.google.firebase:firebase-common:19.5.0] AndroidManifest.xml:43:13-45:85
168                android:name="com.google.firebase.components:com.google.firebase.dynamicloading.DynamicLoadingRegistrar"
168-->[com.google.firebase:firebase-common:19.5.0] AndroidManifest.xml:44:17-121
169                android:value="com.google.firebase.components.ComponentRegistrar" />
169-->[com.google.firebase:firebase-common:19.5.0] AndroidManifest.xml:45:17-82
170        </service>
171
172        <provider
172-->[android.arch.work:work-runtime:1.0.1] AndroidManifest.xml:28:9-34:35
173            android:name="androidx.work.impl.WorkManagerInitializer"
173-->[android.arch.work:work-runtime:1.0.1] AndroidManifest.xml:29:13-69
174            android:authorities="com.hawa4k.captain.workmanager-init"
174-->[android.arch.work:work-runtime:1.0.1] AndroidManifest.xml:30:13-68
175            android:directBootAware="false"
175-->[android.arch.work:work-runtime:1.0.1] AndroidManifest.xml:31:13-44
176            android:exported="false"
176-->[android.arch.work:work-runtime:1.0.1] AndroidManifest.xml:32:13-37
177            android:multiprocess="true" />
177-->[android.arch.work:work-runtime:1.0.1] AndroidManifest.xml:33:13-40
178
179        <service
179-->[android.arch.work:work-runtime:1.0.1] AndroidManifest.xml:36:9-41:35
180            android:name="androidx.work.impl.background.systemalarm.SystemAlarmService"
180-->[android.arch.work:work-runtime:1.0.1] AndroidManifest.xml:37:13-88
181            android:directBootAware="false"
181-->[android.arch.work:work-runtime:1.0.1] AndroidManifest.xml:38:13-44
182            android:enabled="@bool/enable_system_alarm_service_default"
182-->[android.arch.work:work-runtime:1.0.1] AndroidManifest.xml:39:13-72
183            android:exported="false" />
183-->[android.arch.work:work-runtime:1.0.1] AndroidManifest.xml:40:13-37
184        <service
184-->[android.arch.work:work-runtime:1.0.1] AndroidManifest.xml:42:9-48:35
185            android:name="androidx.work.impl.background.systemjob.SystemJobService"
185-->[android.arch.work:work-runtime:1.0.1] AndroidManifest.xml:43:13-84
186            android:directBootAware="false"
186-->[android.arch.work:work-runtime:1.0.1] AndroidManifest.xml:44:13-44
187            android:enabled="@bool/enable_system_job_service_default"
187-->[android.arch.work:work-runtime:1.0.1] AndroidManifest.xml:45:13-70
188            android:exported="true"
188-->[android.arch.work:work-runtime:1.0.1] AndroidManifest.xml:46:13-36
189            android:permission="android.permission.BIND_JOB_SERVICE" />
189-->[android.arch.work:work-runtime:1.0.1] AndroidManifest.xml:47:13-69
190
191        <receiver
191-->[android.arch.work:work-runtime:1.0.1] AndroidManifest.xml:50:9-55:35
192            android:name="androidx.work.impl.utils.ForceStopRunnable$BroadcastReceiver"
192-->[android.arch.work:work-runtime:1.0.1] AndroidManifest.xml:51:13-88
193            android:directBootAware="false"
193-->[android.arch.work:work-runtime:1.0.1] AndroidManifest.xml:52:13-44
194            android:enabled="true"
194-->[android.arch.work:work-runtime:1.0.1] AndroidManifest.xml:53:13-35
195            android:exported="false" />
195-->[android.arch.work:work-runtime:1.0.1] AndroidManifest.xml:54:13-37
196        <receiver
196-->[android.arch.work:work-runtime:1.0.1] AndroidManifest.xml:56:9-66:20
197            android:name="androidx.work.impl.background.systemalarm.ConstraintProxy$BatteryChargingProxy"
197-->[android.arch.work:work-runtime:1.0.1] AndroidManifest.xml:57:13-106
198            android:directBootAware="false"
198-->[android.arch.work:work-runtime:1.0.1] AndroidManifest.xml:58:13-44
199            android:enabled="false"
199-->[android.arch.work:work-runtime:1.0.1] AndroidManifest.xml:59:13-36
200            android:exported="false" >
200-->[android.arch.work:work-runtime:1.0.1] AndroidManifest.xml:60:13-37
201            <intent-filter>
201-->[android.arch.work:work-runtime:1.0.1] AndroidManifest.xml:62:13-65:29
202                <action android:name="android.intent.action.ACTION_POWER_CONNECTED" />
202-->[android.arch.work:work-runtime:1.0.1] AndroidManifest.xml:63:17-87
202-->[android.arch.work:work-runtime:1.0.1] AndroidManifest.xml:63:25-84
203                <action android:name="android.intent.action.ACTION_POWER_DISCONNECTED" />
203-->[android.arch.work:work-runtime:1.0.1] AndroidManifest.xml:64:17-90
203-->[android.arch.work:work-runtime:1.0.1] AndroidManifest.xml:64:25-87
204            </intent-filter>
205        </receiver>
206        <receiver
206-->[android.arch.work:work-runtime:1.0.1] AndroidManifest.xml:67:9-77:20
207            android:name="androidx.work.impl.background.systemalarm.ConstraintProxy$BatteryNotLowProxy"
207-->[android.arch.work:work-runtime:1.0.1] AndroidManifest.xml:68:13-104
208            android:directBootAware="false"
208-->[android.arch.work:work-runtime:1.0.1] AndroidManifest.xml:69:13-44
209            android:enabled="false"
209-->[android.arch.work:work-runtime:1.0.1] AndroidManifest.xml:70:13-36
210            android:exported="false" >
210-->[android.arch.work:work-runtime:1.0.1] AndroidManifest.xml:71:13-37
211            <intent-filter>
211-->[android.arch.work:work-runtime:1.0.1] AndroidManifest.xml:73:13-76:29
212                <action android:name="android.intent.action.BATTERY_OKAY" />
212-->[android.arch.work:work-runtime:1.0.1] AndroidManifest.xml:74:17-77
212-->[android.arch.work:work-runtime:1.0.1] AndroidManifest.xml:74:25-74
213                <action android:name="android.intent.action.BATTERY_LOW" />
213-->[android.arch.work:work-runtime:1.0.1] AndroidManifest.xml:75:17-76
213-->[android.arch.work:work-runtime:1.0.1] AndroidManifest.xml:75:25-73
214            </intent-filter>
215        </receiver>
216        <receiver
216-->[android.arch.work:work-runtime:1.0.1] AndroidManifest.xml:78:9-88:20
217            android:name="androidx.work.impl.background.systemalarm.ConstraintProxy$StorageNotLowProxy"
217-->[android.arch.work:work-runtime:1.0.1] AndroidManifest.xml:79:13-104
218            android:directBootAware="false"
218-->[android.arch.work:work-runtime:1.0.1] AndroidManifest.xml:80:13-44
219            android:enabled="false"
219-->[android.arch.work:work-runtime:1.0.1] AndroidManifest.xml:81:13-36
220            android:exported="false" >
220-->[android.arch.work:work-runtime:1.0.1] AndroidManifest.xml:82:13-37
221            <intent-filter>
221-->[android.arch.work:work-runtime:1.0.1] AndroidManifest.xml:84:13-87:29
222                <action android:name="android.intent.action.DEVICE_STORAGE_LOW" />
222-->[android.arch.work:work-runtime:1.0.1] AndroidManifest.xml:85:17-83
222-->[android.arch.work:work-runtime:1.0.1] AndroidManifest.xml:85:25-80
223                <action android:name="android.intent.action.DEVICE_STORAGE_OK" />
223-->[android.arch.work:work-runtime:1.0.1] AndroidManifest.xml:86:17-82
223-->[android.arch.work:work-runtime:1.0.1] AndroidManifest.xml:86:25-79
224            </intent-filter>
225        </receiver>
226        <receiver
226-->[android.arch.work:work-runtime:1.0.1] AndroidManifest.xml:89:9-98:20
227            android:name="androidx.work.impl.background.systemalarm.ConstraintProxy$NetworkStateProxy"
227-->[android.arch.work:work-runtime:1.0.1] AndroidManifest.xml:90:13-103
228            android:directBootAware="false"
228-->[android.arch.work:work-runtime:1.0.1] AndroidManifest.xml:91:13-44
229            android:enabled="false"
229-->[android.arch.work:work-runtime:1.0.1] AndroidManifest.xml:92:13-36
230            android:exported="false" >
230-->[android.arch.work:work-runtime:1.0.1] AndroidManifest.xml:93:13-37
231            <intent-filter>
231-->[android.arch.work:work-runtime:1.0.1] AndroidManifest.xml:95:13-97:29
232                <action android:name="android.net.conn.CONNECTIVITY_CHANGE" />
232-->[android.arch.work:work-runtime:1.0.1] AndroidManifest.xml:96:17-79
232-->[android.arch.work:work-runtime:1.0.1] AndroidManifest.xml:96:25-76
233            </intent-filter>
234        </receiver>
235        <receiver
235-->[android.arch.work:work-runtime:1.0.1] AndroidManifest.xml:99:9-110:20
236            android:name="androidx.work.impl.background.systemalarm.RescheduleReceiver"
236-->[android.arch.work:work-runtime:1.0.1] AndroidManifest.xml:100:13-88
237            android:directBootAware="false"
237-->[android.arch.work:work-runtime:1.0.1] AndroidManifest.xml:101:13-44
238            android:enabled="false"
238-->[android.arch.work:work-runtime:1.0.1] AndroidManifest.xml:102:13-36
239            android:exported="false" >
239-->[android.arch.work:work-runtime:1.0.1] AndroidManifest.xml:103:13-37
240            <intent-filter>
240-->[android.arch.work:work-runtime:1.0.1] AndroidManifest.xml:105:13-109:29
241                <action android:name="android.intent.action.BOOT_COMPLETED" />
241-->[android.arch.work:work-runtime:1.0.1] AndroidManifest.xml:106:17-79
241-->[android.arch.work:work-runtime:1.0.1] AndroidManifest.xml:106:25-76
242                <action android:name="android.intent.action.TIME_SET" />
242-->[android.arch.work:work-runtime:1.0.1] AndroidManifest.xml:107:17-73
242-->[android.arch.work:work-runtime:1.0.1] AndroidManifest.xml:107:25-70
243                <action android:name="android.intent.action.TIMEZONE_CHANGED" />
243-->[android.arch.work:work-runtime:1.0.1] AndroidManifest.xml:108:17-81
243-->[android.arch.work:work-runtime:1.0.1] AndroidManifest.xml:108:25-78
244            </intent-filter>
245        </receiver>
246        <receiver
246-->[android.arch.work:work-runtime:1.0.1] AndroidManifest.xml:111:9-120:20
247            android:name="androidx.work.impl.background.systemalarm.ConstraintProxyUpdateReceiver"
247-->[android.arch.work:work-runtime:1.0.1] AndroidManifest.xml:112:13-99
248            android:directBootAware="false"
248-->[android.arch.work:work-runtime:1.0.1] AndroidManifest.xml:113:13-44
249            android:enabled="@bool/enable_system_alarm_service_default"
249-->[android.arch.work:work-runtime:1.0.1] AndroidManifest.xml:114:13-72
250            android:exported="false" >
250-->[android.arch.work:work-runtime:1.0.1] AndroidManifest.xml:115:13-37
251            <intent-filter>
251-->[android.arch.work:work-runtime:1.0.1] AndroidManifest.xml:117:13-119:29
252                <action android:name="androidx.work.impl.background.systemalarm.UpdateProxies" />
252-->[android.arch.work:work-runtime:1.0.1] AndroidManifest.xml:118:17-98
252-->[android.arch.work:work-runtime:1.0.1] AndroidManifest.xml:118:25-95
253            </intent-filter>
254        </receiver>
255        <!--
256             FirebaseMessagingService performs security checks at runtime,
257             but set to not exported to explicitly avoid allowing another app to call it.
258        -->
259        <service
259-->[com.google.firebase:firebase-messaging:21.0.1] AndroidManifest.xml:28:9-35:19
260            android:name="com.google.firebase.messaging.FirebaseMessagingService"
260-->[com.google.firebase:firebase-messaging:21.0.1] AndroidManifest.xml:29:13-82
261            android:directBootAware="true"
261-->[com.google.firebase:firebase-messaging:21.0.1] AndroidManifest.xml:30:13-43
262            android:exported="false" >
262-->[com.google.firebase:firebase-messaging:21.0.1] AndroidManifest.xml:31:13-37
263            <intent-filter android:priority="-500" >
263-->[:firebase_messaging] AndroidManifest.xml:9:13-11:29
264                <action android:name="com.google.firebase.MESSAGING_EVENT" />
264-->[:firebase_messaging] AndroidManifest.xml:10:17-78
264-->[:firebase_messaging] AndroidManifest.xml:10:25-75
265            </intent-filter>
266        </service>
267
268        <provider
268-->[:image_picker] AndroidManifest.xml:11:9-19:20
269            android:name="io.flutter.plugins.imagepicker.ImagePickerFileProvider"
269-->[:image_picker] AndroidManifest.xml:12:13-82
270            android:authorities="com.hawa4k.captain.flutter.image_provider"
270-->[:image_picker] AndroidManifest.xml:13:13-74
271            android:exported="false"
271-->[:image_picker] AndroidManifest.xml:14:13-37
272            android:grantUriPermissions="true" >
272-->[:image_picker] AndroidManifest.xml:15:13-47
273            <meta-data
273-->src/main/AndroidManifest.xml:40:13-42:58
274                android:name="android.support.FILE_PROVIDER_PATHS"
274-->src/main/AndroidManifest.xml:41:17-67
275                android:resource="@xml/flutter_image_picker_file_paths" />
275-->src/main/AndroidManifest.xml:42:17-55
276        </provider>
277
278        <activity
278-->[:url_launcher] AndroidManifest.xml:8:9-11:74
279            android:name="io.flutter.plugins.urllauncher.WebViewActivity"
279-->[:url_launcher] AndroidManifest.xml:9:13-74
280            android:exported="false"
280-->[:url_launcher] AndroidManifest.xml:10:13-37
281            android:theme="@android:style/Theme.NoTitleBar.Fullscreen" />
281-->[:url_launcher] AndroidManifest.xml:11:13-71
282
283        <receiver
283-->[com.google.firebase:firebase-iid:21.0.1] AndroidManifest.xml:37:9-44:20
284            android:name="com.google.firebase.iid.FirebaseInstanceIdReceiver"
284-->[com.google.firebase:firebase-iid:21.0.1] AndroidManifest.xml:38:13-78
285            android:exported="true"
285-->[com.google.firebase:firebase-iid:21.0.1] AndroidManifest.xml:39:13-36
286            android:permission="com.google.android.c2dm.permission.SEND" >
286-->[com.google.firebase:firebase-iid:21.0.1] AndroidManifest.xml:40:13-73
287            <intent-filter>
287-->[com.google.firebase:firebase-iid:21.0.1] AndroidManifest.xml:41:13-43:29
288                <action android:name="com.google.android.c2dm.intent.RECEIVE" />
288-->[com.google.firebase:firebase-iid:21.0.1] AndroidManifest.xml:42:17-81
288-->[com.google.firebase:firebase-iid:21.0.1] AndroidManifest.xml:42:25-78